build/app/outputs/mapping/release/seeds.txt
com.mysecurityjojma.dev.MainActivity
com.mysecurityjojma.dev.MainActivity: MainActivity()
...
com.google.android.recaptcha.internal.zzbs: com.google.android.recaptcha.internal.zzbs zza
com.google.android.gms.internal.firebase-auth-api.zzade: java.lang.String zzc
com.google.crypto.tink.proto.KeyTemplate: com.google.crypto.tink.shaded.protobuf.Parser PARSER
com.google.crypto.tink.proto.AesCmacKey: com.google.crypto.tink.proto.AesCmacKey DEFAULT_INSTANCE
com.google.android.gms.internal.firebase-auth-api.zzacb: java.lang.String zza
com.google.android.gms.internal.fido.zzat: com.google.android.gms.internal.fido.zzba zza
com.google.android.gms.internal.firebase-auth-api.zzaez: long zzd
com.google.android.gms.internal.common.zzw: int zze
com.google.android.gms.internal.firebase-auth-api.zzvc: int zzg
com.google.android.gms.internal.auth.zzej: int zzc
androidx.window.layout.SidecarCompat$registerConfigurationChangeListener$configChangeObserver$1: androidx.window.layout.SidecarCompat this$0
com.google.crypto.tink.proto.AesGcmSivKey: com.google.crypto.tink.shaded.protobuf.ByteString keyValue_
com.google.android.gms.internal.firebase-auth-api.zzwp: java.lang.String zza
com.google.android.recaptcha.internal.zzf: int zzl
io.flutter.plugin.platform.SingleViewPresentation: io.flutter.plugin.platform.SingleViewPresentation$PresentationState state
com.google.android.gms.internal.firebase-auth-api.zzacv: java.lang.String zza
com.google.android.gms.internal.firebase-auth-api.zzake: com.google.android.gms.internal.firebase-auth-api.zzake zzr
com.google.android.recaptcha.internal.zzmd: com.google.android.recaptcha.internal.zzmd zzb
com.google.android.recaptcha.internal.zzmj: com.google.android.recaptcha.internal.zzmj zzb
com.google.android.gms.internal.firebase-auth-api.zzdl: com.google.android.gms.internal.firebase-auth-api.zzdl zzb
com.google.android.gms.internal.firebase-auth-api.zzaik: char[] zza
com.google.android.gms.auth.api.accounttransfer.DeviceMetaData: android.os.Parcelable$Creator CREATOR
com.google.android.gms.internal.firebase-auth-api.zzir: com.google.android.gms.internal.firebase-auth-api.zzon zzb
com.google.android.gms.internal.firebase-auth-api.zzpd: com.google.android.gms.internal.firebase-auth-api.zzpd zzb
com.google.android.recaptcha.internal.zzcr: java.util.List zzb
com.google.android.gms.internal.auth.zzfc: com.google.android.gms.internal.auth.zzek zza
com.google.android.gms.internal.auth.zzav: int zza
com.google.android.recaptcha.internal.zzai: com.google.android.recaptcha.internal.zzai zza
com.google.android.gms.internal.firebase-auth-api.zzsv: int[] zza
com.google.android.gms.internal.firebase-auth-api.zzafb: java.lang.String zze
com.google.crypto.tink.proto.AesCtrHmacAeadKey: com.google.crypto.tink.proto.HmacKey hmacKey_
com.google.android.gms.internal.firebase-auth-api.zzaeg: java.lang.String zzd
com.google.android.gms.internal.firebase-auth-api.zzo: java.util.regex.Matcher zza
com.google.android.recaptcha.internal.zzav: com.google.android.recaptcha.internal.zzba zza
com.google.android.gms.internal.auth.zzax: int zza
com.google.android.gms.internal.firebase-auth-api.zzck: byte[] zza
com.google.android.gms.internal.firebase-auth-api.zzvp: com.google.android.gms.internal.firebase-auth-api.zzvp zze
com.google.android.gms.internal.auth.zzhv: com.google.android.gms.internal.auth.zzdc zzn
com.google.android.gms.internal.firebase-auth-api.zzxa: com.google.android.gms.internal.firebase-auth-api.zzaaq zza
com.google.android.recaptcha.internal.zzir: java.lang.Iterable zzb
com.google.android.gms.internal.firebase-auth-api.zzagw: com.google.android.gms.internal.firebase-auth-api.zzagw zzW
com.google.android.gms.internal.firebase-auth-api.zzip: com.google.android.gms.internal.firebase-auth-api.zzon zzb
com.google.android.gms.internal.firebase-auth-api.zzaie: com.google.android.gms.internal.firebase-auth-api.zzaid zzb
com.google.android.recaptcha.internal.zzfz: java.util.Map zzd
com.google.android.gms.internal.firebase-auth-api.zzaev: java.lang.String zzd