build/app/outputs/mapping/release/mapping.txt
# compiler: R8
# compiler_version: 3.3.70
# min_api: 21
# common_typos_disable
# {"id":"com.android.tools.r8.mapping","version":"2.0"}
# pg_map_id: e280c06
# pg_map_hash: SHA-256 e280c06972d7f017b44994e2b361782c4585bef2aada4e8111951b5cde85869a
...
com.google.crypto.tink.proto.KmsEnvelopeAeadKey$Builder -> b3.g0$b:
    com.google.crypto.tink.proto.KmsEnvelopeAeadKey$Builder setParams(com.google.crypto.tink.proto.KmsEnvelopeAeadKeyFormat) -> x
    com.google.crypto.tink.proto.KmsEnvelopeAeadKey$Builder setVersion(int) -> y
com.google.crypto.tink.proto.KmsEnvelopeAeadKeyFormat -> b3.h0:
    com.google.crypto.tink.proto.KmsEnvelopeAeadKeyFormat access$000() -> M
    com.google.crypto.tink.proto.KmsEnvelopeAeadKeyFormat getDefaultInstance() -> N
    com.google.crypto.tink.proto.KeyTemplate getDekTemplate() -> O
    java.lang.String getKekUri() -> P
    boolean hasDekTemplate() -> Q
    com.google.crypto.tink.proto.KmsEnvelopeAeadKeyFormat parseFrom(com.google.crypto.tink.shaded.protobuf.ByteString,com.google.crypto.tink.shaded.protobuf.ExtensionRegistryLite) -> R
    java.lang.Object dynamicMethod(com.google.crypto.tink.shaded.protobuf.GeneratedMessageLite$MethodToInvoke,java.lang.Object,java.lang.Object) -> v
com.google.crypto.tink.proto.KmsEnvelopeAeadKeyFormat$1 -> b3.h0$a:
    int[] $SwitchMap$com$google$protobuf$GeneratedMessageLite$MethodToInvoke -> a
com.google.crypto.tink.proto.KmsEnvelopeAeadKeyFormat$Builder -> b3.h0$b:
com.google.crypto.tink.proto.OutputPrefixType -> b3.i0:
    com.google.crypto.tink.proto.OutputPrefixType RAW -> e
    com.google.crypto.tink.proto.OutputPrefixType[] $VALUES -> n
    com.google.crypto.tink.proto.OutputPrefixType LEGACY -> d
    com.google.crypto.tink.proto.OutputPrefixType TINK -> c
    com.google.crypto.tink.proto.OutputPrefixType UNRECOGNIZED -> l
    com.google.crypto.tink.shaded.protobuf.Internal$EnumLiteMap internalValueMap -> m
    com.google.crypto.tink.proto.OutputPrefixType CRUNCHY -> k
    com.google.crypto.tink.proto.OutputPrefixType UNKNOWN_PREFIX -> b
    int value -> a
    com.google.crypto.tink.proto.OutputPrefixType forNumber(int) -> a
    int getNumber() -> b
com.google.crypto.tink.proto.OutputPrefixType$1 -> b3.i0$a:
    com.google.crypto.tink.shaded.protobuf.Internal$EnumLite findValueByNumber(int) -> a
    com.google.crypto.tink.proto.OutputPrefixType findValueByNumber(int) -> b
com.google.crypto.tink.proto.RegistryConfig -> b3.j0:
    com.google.crypto.tink.proto.RegistryConfig access$000() -> M
    com.google.crypto.tink.proto.RegistryConfig getDefaultInstance() -> N
    java.lang.Object dynamicMethod(com.google.crypto.tink.shaded.protobuf.GeneratedMessageLite$MethodToInvoke,java.lang.Object,java.lang.Object) -> v
com.google.crypto.tink.proto.RegistryConfig$1 -> b3.j0$a:
    int[] $SwitchMap$com$google$protobuf$GeneratedMessageLite$MethodToInvoke -> a
com.google.crypto.tink.proto.RegistryConfig$Builder -> b3.j0$b:
com.google.crypto.tink.proto.XChaCha20Poly1305Key -> b3.k0:
    com.google.crypto.tink.proto.XChaCha20Poly1305Key access$000() -> M
    void access$100(com.google.crypto.tink.proto.XChaCha20Poly1305Key,int) -> N
    void access$300(com.google.crypto.tink.proto.XChaCha20Poly1305Key,com.google.crypto.tink.shaded.protobuf.ByteString) -> O
    com.google.crypto.tink.shaded.protobuf.ByteString getKeyValue() -> P
    int getVersion() -> Q
    com.google.crypto.tink.proto.XChaCha20Poly1305Key$Builder newBuilder() -> R
    com.google.crypto.tink.proto.XChaCha20Poly1305Key parseFrom(com.google.crypto.tink.shaded.protobuf.ByteString,com.google.crypto.tink.shaded.protobuf.ExtensionRegistryLite) -> S
    void setKeyValue(com.google.crypto.tink.shaded.protobuf.ByteString) -> T
    void setVersion(int) -> U
    java.lang.Object dynamicMethod(com.google.crypto.tink.shaded.protobuf.GeneratedMessageLite$MethodToInvoke,java.lang.Object,java.lang.Object) -> v
com.google.crypto.tink.proto.XChaCha20Poly1305Key$1 -> b3.k0$a:
    int[] $SwitchMap$com$google$protobuf$GeneratedMessageLite$MethodToInvoke -> a